<?xml version="1.0" encoding="UTF-8"?>
<testsuite xmlns:xsi="http://www.w3.org/2001/XMLSchema-instance" xsi:noNamespaceSchemaLocation="https://maven.apache.org/surefire/maven-surefire-plugin/xsd/surefire-test-report.xsd" name="pl.polsl.lab.asser.moustafa.model.test.RomanNumeralGeneratorTest" time="0" tests="3" errors="0" skipped="0" failures="0">
  <properties>
[...]
</properties>
  <testcase name="fourShouldNotGenerateIV" classname="pl.polsl.lab.asser.moustafa.model.test.RomanNumeralGeneratorTest" time="0"/>
  <testcase name="fourtyNineShouldGenerateXLIX" classname="pl.polsl.lab.asser.moustafa.model.test.RomanNumeralGeneratorTest" time="0"/>
  <testcase name="fiveShouldGenerateV" classname="pl.polsl.lab.asser.moustafa.model.test.RomanNumeralGeneratorTest" time="0"/>
</testsuite>